1 2 3 4 5 6 7 8 9 10 11 12 13 13 12 11 10 9 8 7 6 5 4 3 2 1
1 2 3 4 5 6 7 8 9 10 11 12 12 13 13 11 10 9 8 7 6 5 4 3 2 1
1 2 3 4 5 6 7 8 9 10 11 11 12 13 13 12 10 9 8 7 6 5 4 3 2 1
1 2 3 4 5 6 7 8 9 10 10 11 12 13 13 12 11 9 8 7 6 5 4 3 2 1
1 2 3 4 5 6 7 8 9 10 11 11 12 10 13 13 12 9 8 7 6 5 4 3 2 1
1 2 3 4 5 6 7 8 9 10 11 11 12 12 13 13 10 9 8 7 6 5 4 3 2 1
1 2 3 4 5 6 7 8 9 9 10 11 12 13 13 12 11 10 8 7 6 5 4 3 2 1
1 2 3 4 5 6 7 8 9 10 11 11 12 10 9 13 13 12 8 7 6 5 4 3 2 1
1 2 3 4 5 6 7 8 9 10 11 11 10 12 13 13 12 9 8 7 6 5 4 3 2 1
1 2 3 4 5 6 7 8 9 10 10 11 12 12 13 13 11 9 8 7 6 5 4 3 2 1
1 2 3 4 5 6 7 8 8 9 10 11 12 13 13 12 11 10 9 7 6 5 4 3 2 1
1 2 3 4 5 6 7 8 9 10 11 11 12 10 9 8 13 13 12 7 6 5 4 3 2 1
1 2 3 4 5 6 7 8 9 10 10 11 12 9 8 13 13 12 11 7 6 5 4 3 2 1
1 2 3 4 5 6 7 8 9 10 10 11 9 12 13 13 12 11 8 7 6 5 4 3 2 1
1 2 3 4 5 6 7 8 9 10 10 11 11 12 13 13 12 9 8 7 6 5 4 3 2 1
1 2 3 4 5 6 7 8 9 9 10 11 12 12 13 13 11 10 8 7 6 5 4 3 2 1
1 2 3 4 5 6 7 8 9 10 10 11 12 12 9 13 13 11 8 7 6 5 4 3 2 1
1 2 3 4 5 6 7 7 8 9 10 11 12 13 13 12 11 10 9 8 6 5 4 3 2 1
1 2 3 4 5 6 7 8 9 10 11 11 12 10 9 8 7 13 13 12 6 5 4 3 2 1
1 2 3 4 5 6 7 8 9 10 10 11 12 9 8 7 13 13 12 11 6 5 4 3 2 1
1 2 3 4 5 6 7 8 9 10 11 11 10 12 9 8 13 13 12 7 6 5 4 3 2 1
1 2 3 4 5 6 7 8 9 10 10 11 9 12 8 13 13 12 11 7 6 5 4 3 2 1
1 2 3 4 5 6 7 8 9 10 10 9 11 12 13 13 12 11 8 7 6 5 4 3 2 1
1 2 3 4 5 6 7 8 9 10 10 11 9 12 11 13 13 12 8 7 6 5 4 3 2 1
1 2 3 4 5 6 7 8 9 9 10 11 11 12 13 13 12 10 8 7 6 5 4 3 2 1
1 2 3 4 5 6 7 8 9 10 10 11 9 12 12 13 13 11 8 7 6 5 4 3 2 1
1 2 3 4 5 6 7 8 9 10 10 11 11 12 12 13 13 9 8 7 6 5 4 3 2 1
1 2 3 4 5 6 7 8 8 9 10 11 12 12 13 13 11 10 9 7 6 5 4 3 2 1
1 2 3 4 5 6 7 8 9 10 10 11 12 12 9 8 13 13 11 7 6 5 4 3 2 1
1 2 3 4 5 6 6 7 8 9 10 11 12 13 13 12 11 10 9 8 7 5 4 3 2 1
1 2 3 4 5 6 7 8 9 10 11 11 12 10 9 8 7 6 13 13 12 5 4 3 2 1
1 2 3 4 5 6 7 8 9 10 10 11 12 9 8 7 6 13 13 12 11 5 4 3 2 1
1 2 3 4 5 6 7 8 9 10 11 11 10 12 9 8 7 13 13 12 6 5 4 3 2 1
1 2 3 4 5 6 7 8 9 9 10 11 12 8 7 6 13 13 12 11 10 5 4 3 2 1
1 2 3 4 5 6 7 8 9 10 10 11 9 12 8 7 13 13 12 11 6 5 4 3 2 1
1 2 3 4 5 6 7 8 9 10 10 11 9 12 11 8 13 13 12 7 6 5 4 3 2 1
1 2 3 4 5 6 7 8 9 10 10 11 11 12 9 8 13 13 12 7 6 5 4 3 2 1
1 2 3 4 5 6 7 8 9 9 10 8 11 12 13 13 12 11 10 7 6 5 4 3 2 1
1 2 3 4 5 6 7 8 9 10 10 11 9 8 12 13 13 12 11 7 6 5 4 3 2 1
1 2 3 4 5 6 7 8 9 9 10 10 11 12 13 13 12 11 8 7 6 5 4 3 2 1
1 2 3 4 5 6 7 8 8 9 10 11 11 12 13 13 12 10 9 7 6 5 4 3 2 1
1 2 3 4 5 6 7 8 9 9 10 11 12 12 11 8 13 13 10 7 6 5 4 3 2 1
1 2 3 4 5 6 7 8 9 10 10 11 9 12 12 8 13 13 11 7 6 5 4 3 2 1
1 2 3 4 5 6 7 8 9 10 10 9 11 12 12 13 13 11 8 7 6 5 4 3 2 1
1 2 3 4 5 6 7 8 9 9 10 11 11 12 10 13 13 12 8 7 6 5 4 3 2 1
1 2 3 4 5 6 7 8 9 9 10 11 11 12 12 13 13 10 8 7 6 5 4 3 2 1
1 2 3 4 5 6 7 7 8 9 10 11 12 12 13 13 11 10 9 8 6 5 4 3 2 1
1 2 3 4 5 6 7 8 9 10 10 11 12 12 9 8 7 13 13 11 6 5 4 3 2 1
1 2 3 4 5 6 7 8 9 9 10 11 12 12 8 7 13 13 11 10 6 5 4 3 2 1
1 2 3 4 5 5 6 7 8 9 10 11 12 13 13 12 11 10 9 8 7 6 4 3 2 1
1 2 3 4 5 6 7 8 9 10 11 11 12 10 9 8 7 6 5 13 13 12 4 3 2 1
1 2 3 4 5 6 7 8 9 10 10 11 12 9 8 7 6 5 13 13 12 11 4 3 2 1
1 2 3 4 5 6 7 8 9 10 11 11 10 12 9 8 7 6 13 13 12 5 4 3 2 1
1 2 3 4 5 6 7 8 9 9 10 11 12 8 7 6 5 13 13 12 11 10 4 3 2 1
1 2 3 4 5 6 7 8 9 10 10 11 9 12 8 7 6 13 13 12 11 5 4 3 2 1
1 2 3 4 5 6 7 8 9 10 10 11 9 12 11 8 7 13 13 12 6 5 4 3 2 1
1 2 3 4 5 6 7 8 9 10 11 11 10 9 12 8 7 13 13 12 6 5 4 3 2 1
1 2 3 4 5 6 7 8 9 10 10 11 11 12 9 8 7 13 13 12 6 5 4 3 2 1
1 2 3 4 5 6 7 8 9 9 10 11 8 12 7 6 13 13 12 11 10 5 4 3 2 1
1 2 3 4 5 6 7 8 9 9 10 11 8 12 11 7 13 13 12 10 6 5 4 3 2 1
1 2 3 4 5 6 7 8 9 9 10 11 8 12 11 10 13 13 12 7 6 5 4 3 2 1
1 2 3 4 5 6 7 8 9 10 10 11 9 8 12 7 13 13 12 11 6 5 4 3 2 1
1 2 3 4 5 6 7 8 9 9 8 10 11 12 13 13 12 11 10 7 6 5 4 3 2 1
1 2 3 4 5 6 7 8 9 10 10 11 9 8 12 11 13 13 12 7 6 5 4 3 2 1
1 2 3 4 5 6 7 8 9 9 10 11 8 7 12 13 13 12 11 10 6 5 4 3 2 1
1 2 3 4 5 6 7 8 9 10 10 9 11 8 12 13 13 12 11 7 6 5 4 3 2 1
1 2 3 4 5 6 7 8 8 9 10 10 11 12 13 13 12 11 9 7 6 5 4 3 2 1
1 2 3 4 5 6 7 8 9 10 10 11 9 8 12 12 13 13 11 7 6 5 4 3 2 1
1 2 3 4 5 6 7 7 8 9 10 11 11 12 13 13 12 10 9 8 6 5 4 3 2 1
1 2 3 4 5 6 7 8 9 9 10 11 12 12 11 8 7 13 13 10 6 5 4 3 2 1
1 2 3 4 5 6 7 8 9 10 10 11 9 12 12 8 7 13 13 11 6 5 4 3 2 1
1 2 3 4 5 6 7 8 9 9 10 11 8 12 12 7 13 13 11 10 6 5 4 3 2 1
1 2 3 4 5 6 7 8 9 9 10 8 11 12 12 13 13 11 10 7 6 5 4 3 2 1
1 2 3 4 5 6 7 8 9 9 10 11 11 8 12 13 13 12 10 7 6 5 4 3 2 1
1 2 3 4 5 6 7 8 9 9 10 10 11 12 12 13 13 11 8 7 6 5 4 3 2 1
1 2 3 4 5 6 7 8 9 9 10 11 11 10 12 13 13 12 8 7 6 5 4 3 2 1
1 2 3 4 5 6 7 8 8 9 10 11 11 12 10 13 13 12 9 7 6 5 4 3 2 1
1 2 3 4 5 6 7 8 9 9 10 11 8 12 12 11 13 13 10 7 6 5 4 3 2 1
1 2 3 4 5 6 7 8 8 9 10 11 11 12 12 13 13 10 9 7 6 5 4 3 2 1
1 2 3 4 5 6 7 8 9 9 10 11 11 12 12 8 13 13 10 7 6 5 4 3 2 1
1 2 3 4 5 6 6 7 8 9 10 11 12 12 13 13 11 10 9 8 7 5 4 3 2 1
1 2 3 4 5 6 7 8 9 10 10 11 12 12 9 8 7 6 13 13 11 5 4 3 2 1
1 2 3 4 5 6 7 8 9 9 10 11 12 12 8 7 6 13 13 11 10 5 4 3 2 1
1 2 3 4 4 5 6 7 8 9 10 11 12 13 13 12 11 10 9 8 7 6 5 3 2 1
1 2 3 4 5 6 7 8 9 10 11 11 12 10 9 8 7 6 5 4 13 13 12 3 2 1
1 2 3 4 5 6 7 8 9 10 10 11 12 9 8 7 6 5 4 13 13 12 11 3 2 1
1 2 3 4 5 6 7 8 9 10 11 11 10 12 9 8 7 6 5 13 13 12 4 3 2 1
1 2 3 4 5 6 7 8 9 9 10 11 12 8 7 6 5 4 13 13 12 11 10 3 2 1
1 2 3 4 5 6 7 8 9 10 10 11 9 12 8 7 6 5 13 13 12 11 4 3 2 1
1 2 3 4 5 6 7 8 9 10 10 11 9 12 11 8 7 6 13 13 12 5 4 3 2 1
1 2 3 4 5 6 7 8 9 10 11 11 10 9 12 8 7 6 13 13 12 5 4 3 2 1
1 2 3 4 5 6 7 8 9 10 10 11 11 12 9 8 7 6 13 13 12 5 4 3 2 1
1 2 3 4 5 6 7 8 8 9 10 11 12 7 6 5 4 13 13 12 11 10 9 3 2 1
1 2 3 4 5 6 7 8 9 9 10 11 8 12 7 6 5 13 13 12 11 10 4 3 2 1
1 2 3 4 5 6 7 8 9 10 10 9 11 12 8 7 6 13 13 12 11 5 4 3 2 1
1 2 3 4 5 6 7 8 9 9 10 11 8 12 11 7 6 13 13 12 10 5 4 3 2 1
1 2 3 4 5 6 7 8 9 9 10 11 8 12 11 10 7 13 13 12 6 5 4 3 2 1
1 2 3 4 5 6 7 8 9 10 10 11 9 8 12 7 6 13 13 12 11 5 4 3 2 1
1 2 3 4 5 6 7 8 9 10 10 11 9 8 12 11 7 13 13 12 6 5 4 3 2 1
1 2 3 4 5 6 7 8 9 10 10 11 11 9 12 8 7 13 13 12 6 5 4 3 2 1
